<?xml version="1.0" encoding="UTF-8"?>
<testng-results ignored="0" total="3" passed="3" failed="0" skipped="0">
  <reporter-output>
  </reporter-output>
  <suite started-at="2024-01-30T23:54:05 GMT" name="Default suite" finished-at="2024-01-31T00:06:03 GMT" duration-ms="717908">
    <groups>
      <group name="Regression">
        <method signature="FilterTest.VerifyKeywordText(java.util.HashMap)[pri:0, instance:daftIeTests.FilterTest@6af93788]" name="VerifyKeywordText" class="daftIeTests.FilterTest"/>
      </group> <!-- Regression -->
    </groups>
    <test started-at="2024-01-30T23:54:05 GMT" name="Default test" finished-at="2024-01-31T00:06:03 GMT" duration-ms="717908">
      <class name="daftIeTests.FilterTest">
        <test-method signature="VerifyCounty(java.util.HashMap)[pri:0, instance:daftIeTests.FilterTest@6af93788]" started-at="2024-01-30T23:54:05 GMT" name="VerifyCounty" data-provider="getData" finished-at="2024-01-30T23:56:51 GMT" duration-ms="165420" status="PASS">
          <params>
            <param index="0">
              <value>
                <![CDATA[{Keyword=garage, County=Dublin}]]>
              </value>
            </param>
          </params>
          <reporter-output>
          </reporter-output>
        </test-method> <!-- VerifyCounty -->
        <test-method is-config="true" signature="TearDown()[pri:0, instance:daftIeTests.FilterTest@6af93788]" started-at="2024-01-30T23:56:51 GMT" name="TearDown" finished-at="2024-01-30T23:56:51 GMT" duration-ms="324" status="PASS">
          <reporter-output>
          </reporter-output>
        </test-method> <!-- TearDown -->
        <test-method signature="VerifyKeywordResult(java.util.HashMap)[pri:0, instance:daftIeTests.FilterTest@6af93788]" started-at="2024-01-30T23:56:51 GMT" name="VerifyKeywordResult" data-provider="getData" finished-at="2024-01-31T00:00:33 GMT" duration-ms="221884" status="PASS">
          <params>
            <param index="0">
              <value>
                <![CDATA[{Keyword=garage, County=Dublin}]]>
              </value>
            </param>
          </params>
          <reporter-output>
          </reporter-output>
        </test-method> <!-- VerifyKeywordResult -->
        <test-method is-config="true" signature="TearDown()[pri:0, instance:daftIeTests.FilterTest@6af93788]" started-at="2024-01-31T00:00:33 GMT" name="TearDown" finished-at="2024-01-31T00:00:33 GMT" duration-ms="364" status="PASS">
          <reporter-output>
          </reporter-output>
        </test-method> <!-- TearDown -->
        <test-method signature="VerifyKeywordText(java.util.HashMap)[pri:0, instance:daftIeTests.FilterTest@6af93788]" started-at="2024-01-31T00:00:33 GMT" name="VerifyKeywordText" data-provider="getData" finished-at="2024-01-31T00:06:03 GMT" duration-ms="329225" status="PASS">
          <params>
            <param index="0">
              <value>
                <![CDATA[{Keyword=garage, County=Dublin}]]>
              </value>
            </param>
          </params>
          <reporter-output>
          </reporter-output>
        </test-method> <!-- VerifyKeywordText -->
        <test-method is-config="true" signature="TearDown()[pri:0, instance:daftIeTests.FilterTest@6af93788]" started-at="2024-01-31T00:06:03 GMT" name="TearDown" finished-at="2024-01-31T00:06:03 GMT" duration-ms="480" status="PASS">
          <reporter-output>
          </reporter-output>
        </test-method> <!-- TearDown -->
      </class> <!-- daftIeTests.FilterTest -->
    </test> <!-- Default test -->
  </suite> <!-- Default suite -->
</testng-results>
