<?xml version="1.0" encoding="UTF-8"?>
<!-- Generated by org.testng.reporters.JUnitXMLReporter -->
<testsuite ignored="2" hostname="Shubhangs-MacBook-Air.local" failures="0" tests="0" time="0.033" errors="0" timestamp="2023-10-16T13:34:26 IST">
  <testcase classname="ShubhangVigya.ErrorValidationsTest" name="loginErrorValidation" time="0.0">
    <ignored/>
  </testcase> <!-- loginErrorValidation -->
  <testcase classname="ShubhangVigya.ErrorValidationsTest" name="submitOrder" time="0.0">
    <ignored/>
  </testcase> <!-- submitOrder -->
</testsuite>
