<?xml version="1.0" encoding="UTF-8"?>
<testng-results ignored="0" total="3" passed="3" failed="0" skipped="0">
  <reporter-output>
  </reporter-output>
  <suite started-at="2023-11-15T03:05:06 GMT" name="Default suite" finished-at="2023-11-15T03:05:53 GMT" duration-ms="47527">
    <groups>
      <group name="Regression">
        <method signature="Booking.bookAppointmentMedicaid(java.util.HashMap)[pri:0, instance:ShubhangVigya.testcase.Booking@6fe7aac8]" name="bookAppointmentMedicaid" class="ShubhangVigya.testcase.Booking"/>
        <method signature="Booking.bookAppointmentMedicare(java.util.HashMap)[pri:0, instance:ShubhangVigya.testcase.Booking@6fe7aac8]" name="bookAppointmentMedicare" class="ShubhangVigya.testcase.Booking"/>
      </group> <!-- Regression -->
    </groups>
    <test started-at="2023-11-15T03:05:06 GMT" name="Default test" finished-at="2023-11-15T03:05:53 GMT" duration-ms="47527">
      <class name="ShubhangVigya.testcase.Booking">
        <test-method signature="bookAppointmentMedicaid(java.util.HashMap)[pri:0, instance:ShubhangVigya.testcase.Booking@6fe7aac8]" started-at="2023-11-15T03:05:06 GMT" name="bookAppointmentMedicaid" data-provider="getData" finished-at="2023-11-15T03:05:23 GMT" duration-ms="16699" status="PASS">
          <params>
            <param index="0">
              <value>
                <![CDATA[{password=ThisIsNotAPassword, comment=I want to book my yearly check-up., userName=John Doe}]]>
              </value>
            </param>
          </params>
          <reporter-output>
          </reporter-output>
        </test-method> <!-- bookAppointmentMedicaid -->
        <test-method is-config="true" signature="tearDown()[pri:0, instance:ShubhangVigya.testcase.Booking@6fe7aac8]" started-at="2023-11-15T03:05:23 GMT" name="tearDown" finished-at="2023-11-15T03:05:23 GMT" duration-ms="314" status="PASS">
          <reporter-output>
          </reporter-output>
        </test-method> <!-- tearDown -->
        <test-method signature="bookAppointmentMedicare(java.util.HashMap)[pri:0, instance:ShubhangVigya.testcase.Booking@6fe7aac8]" started-at="2023-11-15T03:05:23 GMT" name="bookAppointmentMedicare" data-provider="getData" finished-at="2023-11-15T03:05:37 GMT" duration-ms="14380" status="PASS">
          <params>
            <param index="0">
              <value>
                <![CDATA[{password=ThisIsNotAPassword, comment=I want to book my yearly check-up., userName=John Doe}]]>
              </value>
            </param>
          </params>
          <reporter-output>
          </reporter-output>
        </test-method> <!-- bookAppointmentMedicare -->
        <test-method is-config="true" signature="tearDown()[pri:0, instance:ShubhangVigya.testcase.Booking@6fe7aac8]" started-at="2023-11-15T03:05:37 GMT" name="tearDown" finished-at="2023-11-15T03:05:38 GMT" duration-ms="298" status="PASS">
          <reporter-output>
          </reporter-output>
        </test-method> <!-- tearDown -->
        <test-method signature="bookAppointmentNone(java.util.HashMap)[pri:0, instance:ShubhangVigya.testcase.Booking@6fe7aac8]" started-at="2023-11-15T03:05:38 GMT" name="bookAppointmentNone" data-provider="getData" finished-at="2023-11-15T03:05:53 GMT" duration-ms="15346" status="PASS">
          <params>
            <param index="0">
              <value>
                <![CDATA[{password=ThisIsNotAPassword, comment=I want to book my yearly check-up., userName=John Doe}]]>
              </value>
            </param>
          </params>
          <reporter-output>
          </reporter-output>
        </test-method> <!-- bookAppointmentNone -->
        <test-method is-config="true" signature="tearDown()[pri:0, instance:ShubhangVigya.testcase.Booking@6fe7aac8]" started-at="2023-11-15T03:05:53 GMT" name="tearDown" finished-at="2023-11-15T03:05:53 GMT" duration-ms="285" status="PASS">
          <reporter-output>
          </reporter-output>
        </test-method> <!-- tearDown -->
      </class> <!-- ShubhangVigya.testcase.Booking -->
    </test> <!-- Default test -->
  </suite> <!-- Default suite -->
</testng-results>
