<?xml version="1.0" encoding="UTF-8"?>
<!-- Generated by org.testng.reporters.JUnitXMLReporter -->
<testsuite ignored="1" hostname="Shubhangs-MacBook-Air.local" failures="0" tests="2" name="Appointmnet Booking Test" time="32.109" errors="0" timestamp="2023-11-15T01:59:02 GMT">
  <testcase classname="ShubhangVigya.testcase.Booking" name="bookAppointmentMedicaid" time="16.947"/>
  <testcase classname="ShubhangVigya.testcase.Booking" name="bookAppointmentMedicare" time="14.312"/>
  <testcase classname="ShubhangVigya.testcase.Booking" name="bookAppointmentNone" time="0.0">
    <ignored/>
  </testcase> <!-- bookAppointmentNone -->
</testsuite> <!-- Appointmnet Booking Test -->
