<?xml version="1.0" encoding="UTF-8"?>
<!-- Generated by org.testng.reporters.JUnitXMLReporter -->
<testsuite ignored="0" hostname="Shubhangs-MacBook-Air.local" failures="0" tests="3" name="Default test" time="47.527" errors="0" timestamp="2023-11-15T03:05:54 GMT">
  <testcase classname="ShubhangVigya.testcase.Booking" name="bookAppointmentMedicaid" time="16.699"/>
  <testcase classname="ShubhangVigya.testcase.Booking" name="bookAppointmentMedicare" time="14.38"/>
  <testcase classname="ShubhangVigya.testcase.Booking" name="bookAppointmentNone" time="15.346"/>
</testsuite> <!-- Default test -->
