<?xml version="1.0" encoding="UTF-8"?>
<!-- Generated by org.testng.reporters.JUnitXMLReporter -->
<testsuite ignored="0" hostname="Shubhangs-Air.station" failures="0" tests="3" name="Default test" time="717.908" errors="0" timestamp="2024-01-31T00:06:08 GMT">
  <testcase classname="daftIeTests.FilterTest" name="VerifyCounty" time="165.42"/>
  <testcase classname="daftIeTests.FilterTest" name="VerifyKeywordResult" time="221.884"/>
  <testcase classname="daftIeTests.FilterTest" name="VerifyKeywordText" time="329.225"/>
</testsuite> <!-- Default test -->
